<?xml version="1.0" encoding="UTF-8"?>
<testsuite name="study.ttd.example.Money.DollarTest" tests="2" skipped="0" failures="0" errors="0" timestamp="2023-01-08T14:11:29" hostname="ojaeseog-ui-MacBookPro.local" time="0.01">
  <properties/>
  <testcase name="testMultiplication()" classname="study.ttd.example.Money.DollarTest" time="0.004"/>
  <testcase name="multiplication()" classname="study.ttd.example.Money.DollarTest" time="0.004"/>
  <system-out><![CDATA[2023-01-08 23:11:29.383  INFO 98030 --- [    Test worker] .b.t.c.SpringBootTestContextBootstrapper : Neither @ContextConfiguration nor @ContextHierarchy found for test class [study.ttd.example.Money.DollarTest], using SpringBootContextLoader
2023-01-08 23:11:29.389  INFO 98030 --- [    Test worker] o.s.t.c.support.AbstractContextLoader    : Could not detect default resource locations for test class [study.ttd.example.Money.DollarTest]: no resource found for suffixes {-context.xml, Context.groovy}.
2023-01-08 23:11:29.390  INFO 98030 --- [    Test worker] t.c.s.AnnotationConfigContextLoaderUtils : Could not detect default configuration classes for test class [study.ttd.example.Money.DollarTest]: DollarTest does not declare any static, non-private, non-final, nested classes annotated with @Configuration.
2023-01-08 23:11:29.393  INFO 98030 --- [    Test worker] .b.t.c.SpringBootTestContextBootstrapper : Found @SpringBootConfiguration study.ttd.example.ExampleApplication for test class study.ttd.example.Money.DollarTest
2023-01-08 23:11:29.395  INFO 98030 --- [    Test worker] .b.t.c.SpringBootTestContextBootstrapper : Loaded default TestExecutionListener class names from location [META-INF/spring.factories]: [org.springframework.boot.test.autoconfigure.restdocs.RestDocsTestExecutionListener, org.springframework.boot.test.autoconfigure.web.client.MockRestServiceServerResetTestExecutionListener, org.springframework.boot.test.autoconfigure.web.servlet.MockMvcPrintOnlyOnFailureTestExecutionListener, org.springframework.boot.test.autoconfigure.web.servlet.WebDriverTestExecutionListener, org.springframework.boot.test.autoconfigure.webservices.client.MockWebServiceServerTestExecutionListener, org.springframework.boot.test.mock.mockito.MockitoTestExecutionListener, org.springframework.boot.test.mock.mockito.ResetMocksTestExecutionListener, org.springframework.test.context.web.ServletTestExecutionListener, org.springframework.test.context.support.DirtiesContextBeforeModesTestExecutionListener, org.springframework.test.context.event.ApplicationEventsTestExecutionListener, org.springframework.test.context.support.DependencyInjectionTestExecutionListener, org.springframework.test.context.support.DirtiesContextTestExecutionListener, org.springframework.test.context.transaction.TransactionalTestExecutionListener, org.springframework.test.context.jdbc.SqlScriptsTestExecutionListener, org.springframework.test.context.event.EventPublishingTestExecutionListener]
2023-01-08 23:11:29.396  INFO 98030 --- [    Test worker] .b.t.c.SpringBootTestContextBootstrapper : Using TestExecutionListeners: [org.springframework.test.context.web.ServletTestExecutionListener@3e18e693, org.springframework.test.context.support.DirtiesContextBeforeModesTestExecutionListener@3d12f065, org.springframework.test.context.event.ApplicationEventsTestExecutionListener@57fc6759, org.springframework.boot.test.mock.mockito.MockitoTestExecutionListener@33a7331, org.springframework.boot.test.autoconfigure.SpringBootDependencyInjectionTestExecutionListener@7aef21bb, org.springframework.test.context.support.DirtiesContextTestExecutionListener@50d4775b, org.springframework.test.context.transaction.TransactionalTestExecutionListener@642614b7, org.springframework.test.context.jdbc.SqlScriptsTestExecutionListener@345540f9, org.springframework.test.context.event.EventPublishingTestExecutionListener@37344d31, org.springframework.boot.test.autoconfigure.restdocs.RestDocsTestExecutionListener@44a98a23, org.springframework.boot.test.autoconfigure.web.client.MockRestServiceServerResetTestExecutionListener@107ebdad, org.springframework.boot.test.autoconfigure.web.servlet.MockMvcPrintOnlyOnFailureTestExecutionListener@e3275d3, org.springframework.boot.test.autoconfigure.web.servlet.WebDriverTestExecutionListener@1bfafce1, org.springframework.boot.test.autoconfigure.webservices.client.MockWebServiceServerTestExecutionListener@138a952f, org.springframework.boot.test.mock.mockito.ResetMocksTestExecutionListener@767cc126]
]]></system-out>
  <system-err><![CDATA[]]></system-err>
</testsuite>
