<?xml version="1.0" encoding="UTF-8"?>
<testsuite name="study.ttd.example.Money.FrancTest" tests="1" skipped="0" failures="0" errors="0" timestamp="2023-01-08T14:11:29" hostname="ojaeseog-ui-MacBookPro.local" time="0.005">
  <properties/>
  <testcase name="testMultiplication()" classname="study.ttd.example.Money.FrancTest" time="0.005"/>
  <system-out><![CDATA[2023-01-08 23:11:29.414  INFO 98030 --- [    Test worker] .b.t.c.SpringBootTestContextBootstrapper : Neither @ContextConfiguration nor @ContextHierarchy found for test class [study.ttd.example.Money.FrancTest], using SpringBootContextLoader
2023-01-08 23:11:29.416  INFO 98030 --- [    Test worker] o.s.t.c.support.AbstractContextLoader    : Could not detect default resource locations for test class [study.ttd.example.Money.FrancTest]: no resource found for suffixes {-context.xml, Context.groovy}.
2023-01-08 23:11:29.416  INFO 98030 --- [    Test worker] t.c.s.AnnotationConfigContextLoaderUtils : Could not detect default configuration classes for test class [study.ttd.example.Money.FrancTest]: FrancTest does not declare any static, non-private, non-final, nested classes annotated with @Configuration.
2023-01-08 23:11:29.418  INFO 98030 --- [    Test worker] .b.t.c.SpringBootTestContextBootstrapper : Found @SpringBootConfiguration study.ttd.example.ExampleApplication for test class study.ttd.example.Money.FrancTest
2023-01-08 23:11:29.420  INFO 98030 --- [    Test worker] .b.t.c.SpringBootTestContextBootstrapper : Loaded default TestExecutionListener class names from location [META-INF/spring.factories]: [org.springframework.boot.test.autoconfigure.restdocs.RestDocsTestExecutionListener, org.springframework.boot.test.autoconfigure.web.client.MockRestServiceServerResetTestExecutionListener, org.springframework.boot.test.autoconfigure.web.servlet.MockMvcPrintOnlyOnFailureTestExecutionListener, org.springframework.boot.test.autoconfigure.web.servlet.WebDriverTestExecutionListener, org.springframework.boot.test.autoconfigure.webservices.client.MockWebServiceServerTestExecutionListener, org.springframework.boot.test.mock.mockito.MockitoTestExecutionListener, org.springframework.boot.test.mock.mockito.ResetMocksTestExecutionListener, org.springframework.test.context.web.ServletTestExecutionListener, org.springframework.test.context.support.DirtiesContextBeforeModesTestExecutionListener, org.springframework.test.context.event.ApplicationEventsTestExecutionListener, org.springframework.test.context.support.DependencyInjectionTestExecutionListener, org.springframework.test.context.support.DirtiesContextTestExecutionListener, org.springframework.test.context.transaction.TransactionalTestExecutionListener, org.springframework.test.context.jdbc.SqlScriptsTestExecutionListener, org.springframework.test.context.event.EventPublishingTestExecutionListener]
2023-01-08 23:11:29.420  INFO 98030 --- [    Test worker] .b.t.c.SpringBootTestContextBootstrapper : Using TestExecutionListeners: [org.springframework.test.context.web.ServletTestExecutionListener@6bfdaed7, org.springframework.test.context.support.DirtiesContextBeforeModesTestExecutionListener@272c5abd, org.springframework.test.context.event.ApplicationEventsTestExecutionListener@60c8909a, org.springframework.boot.test.mock.mockito.MockitoTestExecutionListener@70ad0854, org.springframework.boot.test.autoconfigure.SpringBootDependencyInjectionTestExecutionListener@76208b80, org.springframework.test.context.support.DirtiesContextTestExecutionListener@339cde4b, org.springframework.test.context.transaction.TransactionalTestExecutionListener@1774c4e2, org.springframework.test.context.jdbc.SqlScriptsTestExecutionListener@f0381f0, org.springframework.test.context.event.EventPublishingTestExecutionListener@7d8d671b, org.springframework.boot.test.autoconfigure.restdocs.RestDocsTestExecutionListener@28b68067, org.springframework.boot.test.autoconfigure.web.client.MockRestServiceServerResetTestExecutionListener@19540247, org.springframework.boot.test.autoconfigure.web.servlet.MockMvcPrintOnlyOnFailureTestExecutionListener@acb1c9c, org.springframework.boot.test.autoconfigure.web.servlet.WebDriverTestExecutionListener@1c681761, org.springframework.boot.test.autoconfigure.webservices.client.MockWebServiceServerTestExecutionListener@411933, org.springframework.boot.test.mock.mockito.ResetMocksTestExecutionListener@393e7546]
]]></system-out>
  <system-err><![CDATA[]]></system-err>
</testsuite>
