<?xml version="1.0" encoding="UTF-8"?>
<testsuite name="study.ttd.example.Money.MoneyTest" tests="8" skipped="0" failures="0" errors="0" timestamp="2023-01-08T14:11:28" hostname="ojaeseog-ui-MacBookPro.local" time="0.364">
  <properties/>
  <testcase name="testReduceSum()" classname="study.ttd.example.Money.MoneyTest" time="0.315"/>
  <testcase name="testSimpleAddition()" classname="study.ttd.example.Money.MoneyTest" time="0.007"/>
  <testcase name="testArrayEquals()" classname="study.ttd.example.Money.MoneyTest" time="0.008"/>
  <testcase name="testPlusReturnSum()" classname="study.ttd.example.Money.MoneyTest" time="0.004"/>
  <testcase name="testIdentityRate()" classname="study.ttd.example.Money.MoneyTest" time="0.005"/>
  <testcase name="reduceMoney()" classname="study.ttd.example.Money.MoneyTest" time="0.003"/>
  <testcase name="testCurrency()" classname="study.ttd.example.Money.MoneyTest" time="0.003"/>
  <testcase name="testEquality()" classname="study.ttd.example.Money.MoneyTest" time="0.003"/>
  <system-out><![CDATA[23:11:22.401 [Test worker] DEBUG org.springframework.test.context.BootstrapUtils - Instantiating CacheAwareContextLoaderDelegate from class [org.springframework.test.context.cache.DefaultCacheAwareContextLoaderDelegate]
23:11:22.415 [Test worker] DEBUG org.springframework.test.context.BootstrapUtils - Instantiating BootstrapContext using constructor [public org.springframework.test.context.support.DefaultBootstrapContext(java.lang.Class,org.springframework.test.context.CacheAwareContextLoaderDelegate)]
23:11:22.510 [Test worker] DEBUG org.springframework.test.context.BootstrapUtils - Instantiating TestContextBootstrapper for test class [study.ttd.example.Money.MoneyTest] from class [org.springframework.boot.test.context.SpringBootTestContextBootstrapper]
23:11:22.524 [Test worker] INFO org.springframework.boot.test.context.SpringBootTestContextBootstrapper - Neither @ContextConfiguration nor @ContextHierarchy found for test class [study.ttd.example.Money.MoneyTest], using SpringBootContextLoader
23:11:22.531 [Test worker] DEBUG org.springframework.test.context.support.AbstractContextLoader - Did not detect default resource location for test class [study.ttd.example.Money.MoneyTest]: class path resource [study/ttd/example/Money/MoneyTest-context.xml] does not exist
23:11:22.532 [Test worker] DEBUG org.springframework.test.context.support.AbstractContextLoader - Did not detect default resource location for test class [study.ttd.example.Money.MoneyTest]: class path resource [study/ttd/example/Money/MoneyTestContext.groovy] does not exist
23:11:22.532 [Test worker] INFO org.springframework.test.context.support.AbstractContextLoader - Could not detect default resource locations for test class [study.ttd.example.Money.MoneyTest]: no resource found for suffixes {-context.xml, Context.groovy}.
23:11:22.533 [Test worker] INFO org.springframework.test.context.support.AnnotationConfigContextLoaderUtils - Could not detect default configuration classes for test class [study.ttd.example.Money.MoneyTest]: MoneyTest does not declare any static, non-private, non-final, nested classes annotated with @Configuration.
23:11:22.595 [Test worker] DEBUG org.springframework.test.context.support.ActiveProfilesUtils - Could not find an 'annotation declaring class' for annotation type [org.springframework.test.context.ActiveProfiles] and class [study.ttd.example.Money.MoneyTest]
23:11:22.675 [Test worker] DEBUG org.springframework.context.annotation.ClassPathScanningCandidateComponentProvider - Identified candidate component class: file [/Users/ojs/Desktop/git/Study/ttd-book/build/classes/java/main/study/ttd/example/ExampleApplication.class]
23:11:22.678 [Test worker] INFO org.springframework.boot.test.context.SpringBootTestContextBootstrapper - Found @SpringBootConfiguration study.ttd.example.ExampleApplication for test class study.ttd.example.Money.MoneyTest
23:11:22.784 [Test worker] DEBUG org.springframework.boot.test.context.SpringBootTestContextBootstrapper - @TestExecutionListeners is not present for class [study.ttd.example.Money.MoneyTest]: using defaults.
23:11:22.785 [Test worker] INFO org.springframework.boot.test.context.SpringBootTestContextBootstrapper - Loaded default TestExecutionListener class names from location [META-INF/spring.factories]: [org.springframework.boot.test.autoconfigure.restdocs.RestDocsTestExecutionListener, org.springframework.boot.test.autoconfigure.web.client.MockRestServiceServerResetTestExecutionListener, org.springframework.boot.test.autoconfigure.web.servlet.MockMvcPrintOnlyOnFailureTestExecutionListener, org.springframework.boot.test.autoconfigure.web.servlet.WebDriverTestExecutionListener, org.springframework.boot.test.autoconfigure.webservices.client.MockWebServiceServerTestExecutionListener, org.springframework.boot.test.mock.mockito.MockitoTestExecutionListener, org.springframework.boot.test.mock.mockito.ResetMocksTestExecutionListener, org.springframework.test.context.web.ServletTestExecutionListener, org.springframework.test.context.support.DirtiesContextBeforeModesTestExecutionListener, org.springframework.test.context.event.ApplicationEventsTestExecutionListener, org.springframework.test.context.support.DependencyInjectionTestExecutionListener, org.springframework.test.context.support.DirtiesContextTestExecutionListener, org.springframework.test.context.transaction.TransactionalTestExecutionListener, org.springframework.test.context.jdbc.SqlScriptsTestExecutionListener, org.springframework.test.context.event.EventPublishingTestExecutionListener]
23:11:22.799 [Test worker] INFO org.springframework.boot.test.context.SpringBootTestContextBootstrapper - Using TestExecutionListeners: [org.springframework.test.context.web.ServletTestExecutionListener@3dddbe65, org.springframework.test.context.support.DirtiesContextBeforeModesTestExecutionListener@49a64d82, org.springframework.test.context.event.ApplicationEventsTestExecutionListener@344561e0, org.springframework.boot.test.mock.mockito.MockitoTestExecutionListener@66d23e4a, org.springframework.boot.test.autoconfigure.SpringBootDependencyInjectionTestExecutionListener@36ac8a63, org.springframework.test.context.support.DirtiesContextTestExecutionListener@4d9d1b69, org.springframework.test.context.transaction.TransactionalTestExecutionListener@52c8295b, org.springframework.test.context.jdbc.SqlScriptsTestExecutionListener@251f7d26, org.springframework.test.context.event.EventPublishingTestExecutionListener@77b21474, org.springframework.boot.test.autoconfigure.restdocs.RestDocsTestExecutionListener@52d10fb8, org.springframework.boot.test.autoconfigure.web.client.MockRestServiceServerResetTestExecutionListener@41c07648, org.springframework.boot.test.autoconfigure.web.servlet.MockMvcPrintOnlyOnFailureTestExecutionListener@1fe8d51b, org.springframework.boot.test.autoconfigure.web.servlet.WebDriverTestExecutionListener@781e7326, org.springframework.boot.test.autoconfigure.webservices.client.MockWebServiceServerTestExecutionListener@22680f52, org.springframework.boot.test.mock.mockito.ResetMocksTestExecutionListener@60d84f61]
23:11:22.803 [Test worker] DEBUG org.springframework.test.context.support.AbstractDirtiesContextTestExecutionListener - Before test class: context [DefaultTestContext@1804f60d testClass = MoneyTest, testInstance = [null], testMethod = [null], testException = [null], mergedContextConfiguration = [WebMergedContextConfiguration@3a80515c testClass = MoneyTest, locations = '{}', classes = '{class study.ttd.example.ExampleApplication}', contextInitializerClasses = '[]', activeProfiles = '{}', propertySourceLocations = '{}', propertySourceProperties = '{org.springframework.boot.test.context.SpringBootTestContextBootstrapper=true}', contextCustomizers = set[org.springframework.boot.test.autoconfigure.actuate.metrics.MetricsExportContextCustomizerFactory$DisableMetricExportContextCustomizer@3fa2213, org.springframework.boot.test.autoconfigure.properties.PropertyMappingContextCustomizer@0, org.springframework.boot.test.autoconfigure.web.servlet.WebDriverContextCustomizerFactory$Customizer@29df4d43, org.springframework.boot.test.context.filter.ExcludeFilterContextCustomizer@75f65e45, org.springframework.boot.test.json.DuplicateJsonObjectContextCustomizerFactory$DuplicateJsonObjectContextCustomizer@75390459, org.springframework.boot.test.mock.mockito.MockitoContextCustomizer@0, org.springframework.boot.test.web.client.TestRestTemplateContextCustomizer@2262b621, org.springframework.boot.test.context.SpringBootTestArgs@1, org.springframework.boot.test.context.SpringBootTestWebEnvironment@38af9828], resourceBasePath = 'src/main/webapp', contextLoader = 'org.springframework.boot.test.context.SpringBootContextLoader', parent = [null]], attributes = map['org.springframework.test.context.web.ServletTestExecutionListener.activateListener' -> true]], class annotated with @DirtiesContext [false] with mode [null].

  .   ____          _            __ _ _
 /\\ / ___'_ __ _ _(_)_ __  __ _ \ \ \ \
( ( )\___ | '_ | '_| | '_ \/ _` | \ \ \ \
 \\/  ___)| |_)| | | | | || (_| |  ) ) ) )
  '  |____| .__|_| |_|_| |_\__, | / / / /
 =========|_|==============|___/=/_/_/_/
 :: Spring Boot ::                (v2.7.7)

2023-01-08 23:11:23.496  INFO 98030 --- [    Test worker] study.ttd.example.Money.MoneyTest        : Starting MoneyTest using Java 11.0.15 on ojaeseog-ui-MacBookPro.local with PID 98030 (started by ojs in /Users/ojs/Desktop/git/Study/ttd-book)
2023-01-08 23:11:23.498  INFO 98030 --- [    Test worker] study.ttd.example.Money.MoneyTest        : No active profile set, falling back to 1 default profile: "default"
2023-01-08 23:11:24.957  INFO 98030 --- [    Test worker] .s.d.r.c.RepositoryConfigurationDelegate : Bootstrapping Spring Data JPA repositories in DEFAULT mode.
2023-01-08 23:11:24.985  INFO 98030 --- [    Test worker] .s.d.r.c.RepositoryConfigurationDelegate : Finished Spring Data repository scanning in 19 ms. Found 0 JPA repository interfaces.
2023-01-08 23:11:25.931  INFO 98030 --- [    Test worker] o.hibernate.jpa.internal.util.LogHelper  : HHH000204: Processing PersistenceUnitInfo [name: default]
2023-01-08 23:11:25.984  INFO 98030 --- [    Test worker] org.hibernate.Version                    : HHH000412: Hibernate ORM core version 5.6.14.Final
2023-01-08 23:11:26.182  INFO 98030 --- [    Test worker] o.hibernate.annotations.common.Version   : HCANN000001: Hibernate Commons Annotations {5.1.2.Final}
2023-01-08 23:11:26.294  INFO 98030 --- [    Test worker] com.zaxxer.hikari.HikariDataSource       : HikariPool-1 - Starting...
2023-01-08 23:11:26.815  INFO 98030 --- [    Test worker] com.zaxxer.hikari.HikariDataSource       : HikariPool-1 - Start completed.
2023-01-08 23:11:26.840  INFO 98030 --- [    Test worker] org.hibernate.dialect.Dialect            : HHH000400: Using dialect: org.hibernate.dialect.MySQL5InnoDBDialect
2023-01-08 23:11:27.103  INFO 98030 --- [    Test worker] o.h.e.t.j.p.i.JtaPlatformInitiator       : HHH000490: Using JtaPlatform implementation: [org.hibernate.engine.transaction.jta.platform.internal.NoJtaPlatform]
2023-01-08 23:11:27.112  INFO 98030 --- [    Test worker] j.LocalContainerEntityManagerFactoryBean : Initialized JPA EntityManagerFactory for persistence unit 'default'
2023-01-08 23:11:27.680  WARN 98030 --- [    Test worker] JpaBaseConfiguration$JpaWebConfiguration : spring.jpa.open-in-view is enabled by default. Therefore, database queries may be performed during view rendering. Explicitly configure spring.jpa.open-in-view to disable this warning
2023-01-08 23:11:28.905  INFO 98030 --- [    Test worker] study.ttd.example.Money.MoneyTest        : Started MoneyTest in 5.997 seconds (JVM running for 7.845)
]]></system-out>
  <system-err><![CDATA[]]></system-err>
</testsuite>
