<?xml version="1.0" encoding="UTF-8"?>
<testsuite name="study.ttd.example.ExampleApplicationTests" tests="1" skipped="0" failures="0" errors="0" timestamp="2023-01-08T14:11:29" hostname="ojaeseog-ui-MacBookPro.local" time="0.01">
  <properties/>
  <testcase name="contextLoads()" classname="study.ttd.example.ExampleApplicationTests" time="0.01"/>
  <system-out><![CDATA[2023-01-08 23:11:29.328  INFO 98030 --- [    Test worker] .b.t.c.SpringBootTestContextBootstrapper : Neither @ContextConfiguration nor @ContextHierarchy found for test class [study.ttd.example.ExampleApplicationTests], using SpringBootContextLoader
2023-01-08 23:11:29.332  INFO 98030 --- [    Test worker] o.s.t.c.support.AbstractContextLoader    : Could not detect default resource locations for test class [study.ttd.example.ExampleApplicationTests]: no resource found for suffixes {-context.xml, Context.groovy}.
2023-01-08 23:11:29.333  INFO 98030 --- [    Test worker] t.c.s.AnnotationConfigContextLoaderUtils : Could not detect default configuration classes for test class [study.ttd.example.ExampleApplicationTests]: ExampleApplicationTests does not declare any static, non-private, non-final, nested classes annotated with @Configuration.
2023-01-08 23:11:29.352  INFO 98030 --- [    Test worker] .b.t.c.SpringBootTestContextBootstrapper : Found @SpringBootConfiguration study.ttd.example.ExampleApplication for test class study.ttd.example.ExampleApplicationTests
2023-01-08 23:11:29.357  INFO 98030 --- [    Test worker] .b.t.c.SpringBootTestContextBootstrapper : Loaded default TestExecutionListener class names from location [META-INF/spring.factories]: [org.springframework.boot.test.autoconfigure.restdocs.RestDocsTestExecutionListener, org.springframework.boot.test.autoconfigure.web.client.MockRestServiceServerResetTestExecutionListener, org.springframework.boot.test.autoconfigure.web.servlet.MockMvcPrintOnlyOnFailureTestExecutionListener, org.springframework.boot.test.autoconfigure.web.servlet.WebDriverTestExecutionListener, org.springframework.boot.test.autoconfigure.webservices.client.MockWebServiceServerTestExecutionListener, org.springframework.boot.test.mock.mockito.MockitoTestExecutionListener, org.springframework.boot.test.mock.mockito.ResetMocksTestExecutionListener, org.springframework.test.context.web.ServletTestExecutionListener, org.springframework.test.context.support.DirtiesContextBeforeModesTestExecutionListener, org.springframework.test.context.event.ApplicationEventsTestExecutionListener, org.springframework.test.context.support.DependencyInjectionTestExecutionListener, org.springframework.test.context.support.DirtiesContextTestExecutionListener, org.springframework.test.context.transaction.TransactionalTestExecutionListener, org.springframework.test.context.jdbc.SqlScriptsTestExecutionListener, org.springframework.test.context.event.EventPublishingTestExecutionListener]
2023-01-08 23:11:29.359  INFO 98030 --- [    Test worker] .b.t.c.SpringBootTestContextBootstrapper : Using TestExecutionListeners: [org.springframework.test.context.web.ServletTestExecutionListener@14c18a6a, org.springframework.test.context.support.DirtiesContextBeforeModesTestExecutionListener@6aa792, org.springframework.test.context.event.ApplicationEventsTestExecutionListener@5c78f456, org.springframework.boot.test.mock.mockito.MockitoTestExecutionListener@29174dfe, org.springframework.boot.test.autoconfigure.SpringBootDependencyInjectionTestExecutionListener@319d106c, org.springframework.test.context.support.DirtiesContextTestExecutionListener@641e67fa, org.springframework.test.context.transaction.TransactionalTestExecutionListener@7fdff56b, org.springframework.test.context.jdbc.SqlScriptsTestExecutionListener@6cb43fd3, org.springframework.test.context.event.EventPublishingTestExecutionListener@35f35c59, org.springframework.boot.test.autoconfigure.restdocs.RestDocsTestExecutionListener@2245ccaa, org.springframework.boot.test.autoconfigure.web.client.MockRestServiceServerResetTestExecutionListener@22b10124, org.springframework.boot.test.autoconfigure.web.servlet.MockMvcPrintOnlyOnFailureTestExecutionListener@6f36e806, org.springframework.boot.test.autoconfigure.web.servlet.WebDriverTestExecutionListener@4088702d, org.springframework.boot.test.autoconfigure.webservices.client.MockWebServiceServerTestExecutionListener@4c24c40a, org.springframework.boot.test.mock.mockito.ResetMocksTestExecutionListener@6636448b]
]]></system-out>
  <system-err><![CDATA[]]></system-err>
</testsuite>
